{
  "stats": {
    "suites": 1,
    "tests": 1,
    "passes": 0,
    "pending": 0,
    "failures": 1,
    "start": "2025-02-20T17:11:15.022Z",
    "end": "2025-02-20T17:12:02.057Z",
    "duration": 47035,
    "testsRegistered": 1,
    "passPercent": 0,
    "pendingPercent": 0,
    "other": 0,
    "hasOther": false,
    "skipped": 0,
    "hasSkipped": false
  },
  "results": [
    {
      "uuid": "17a07eb9-ff0b-42d6-bafe-6c00ea74d083",
      "title": "",
      "fullFile": "cypress\\e2e\\features\\Cobranca_Gestao_Titulos\\Cobranca_Gestao_Titulo_Abatimento.feature",
      "file": "cypress\\e2e\\features\\Cobranca_Gestao_Titulos\\Cobranca_Gestao_Titulo_Abatimento.feature",
      "beforeHooks": [],
      "afterHooks": [],
      "tests": [],
      "suites": [
        {
          "uuid": "d04a7fdf-c5dc-4c22-9c3f-7874360152d4",
          "title": "Gestão de titulo - abatimento",
          "fullFile": "",
          "file": "",
          "beforeHooks": [],
          "afterHooks": [],
          "tests": [
            {
              "title": "Validar o acesso ao menu Cobrança",
              "fullTitle": "Gestão de titulo - abatimento Validar o acesso ao menu Cobrança",
              "timedOut": null,
              "duration": 47000,
              "state": "failed",
              "speed": null,
              "pass": false,
              "fail": true,
              "pending": false,
              "context": null,
              "code": "const state = window.testState;\nreturn cy\n  .then(() => state.onStartScenario(scenario, indexedSteps))\n  .then(() =>\n    resolveAndRunBeforeHooks.call(this, scenario.tags, state.feature.name)\n  )\n  .then(() =>\n    indexedSteps.forEach((step) =>\n      stepTest.call(this, state, step, rowData)\n    )\n  )\n  .then(() => state.onFinishScenario(scenario));",
              "err": {
                "message": "CypressError: `cy.click()` can only be called on a single element. Your subject contained 2 elements. Pass `{ multiple: true }` if you want to serially click each element.\n\nhttps://on.cypress.io/click",
                "estack": "CypressError: `cy.click()` can only be called on a single element. Your subject contained 2 elements. Pass `{ multiple: true }` if you want to serially click each element.\n\nhttps://on.cypress.io/click\n    at mouseAction (https://dnew.wba.com.br/__cypress/runner/cypress_runner.js:111515:68)\n    at Context.click (https://dnew.wba.com.br/__cypress/runner/cypress_runner.js:111682:14)\n    at wrapped (https://dnew.wba.com.br/__cypress/runner/cypress_runner.js:137197:19)\nFrom Your Spec Code:\n    at captureUserInvocationStack (https://dnew.wba.com.br/__cypress/runner/cypress_runner.js:138199:94)\n    at $Cy.expect (https://dnew.wba.com.br/__cypress/runner/cypress_runner.js:138237:7)\n    at Context.shouldFn (https://dnew.wba.com.br/__cypress/runner/cypress_runner.js:117789:18)\n    at Context.should (https://dnew.wba.com.br/__cypress/runner/cypress_runner.js:117903:23)\n    at <unknown> (https://dnew.wba.com.br/__cypress/runner/cypress_runner.js:142119:39)\n    at assertions (https://dnew.wba.com.br/__cypress/runner/cypress_runner.js:142367:16)\n    at tryCatcher (https://dnew.wba.com.br/__cypress/runner/cypress_runner.js:1777:23)\n    at Object.gotValue (https://dnew.wba.com.br/__cypress/runner/cypress_runner.js:6448:18)\n    at Object.gotAccum (https://dnew.wba.com.br/__cypress/runner/cypress_runner.js:6435:25)\n    at Object.tryCatcher (https://dnew.wba.com.br/__cypress/runner/cypress_runner.js:1777:23)",
                "diff": null
              },
              "uuid": "426304a7-ff98-4e11-810e-6506510ac9cf",
              "parentUUID": "d04a7fdf-c5dc-4c22-9c3f-7874360152d4",
              "isHook": false,
              "skipped": false
            }
          ],
          "suites": [],
          "passes": [],
          "failures": [
            "426304a7-ff98-4e11-810e-6506510ac9cf"
          ],
          "pending": [],
          "skipped": [],
          "duration": 47000,
          "root": false,
          "rootEmpty": false,
          "_timeout": 2000
        }
      ],
      "passes": [],
      "failures": [],
      "pending": [],
      "skipped": [],
      "duration": 0,
      "root": true,
      "rootEmpty": true,
      "_timeout": 2000
    }
  ],
  "meta": {
    "mocha": {
      "version": "7.0.1"
    },
    "mochawesome": {
      "options": {
        "quiet": false,
        "reportFilename": "mochawesome",
        "saveHtml": true,
        "saveJson": true,
        "consoleReporter": "spec",
        "useInlineDiffs": false,
        "code": true
      },
      "version": "7.1.3"
    },
    "marge": {
      "options": {
        "reportDir": "cypress/reports",
        "overwrite": false,
        "html": true,
        "json": true
      },
      "version": "6.2.0"
    }
  }
}