{
  "stats": {
    "suites": 1,
    "tests": 1,
    "passes": 0,
    "pending": 0,
    "failures": 1,
    "start": "2025-02-11T20:40:45.710Z",
    "end": "2025-02-11T20:41:37.432Z",
    "duration": 51722,
    "testsRegistered": 1,
    "passPercent": 0,
    "pendingPercent": 0,
    "other": 0,
    "hasOther": false,
    "skipped": 0,
    "hasSkipped": false
  },
  "results": [
    {
      "uuid": "2b58205e-5bc7-4c1f-acc2-15f2628f3c2f",
      "title": "",
      "fullFile": "cypress\\e2e\\features\\Cobranca_Gestao_Titulos\\Cobranca_Gestao_Titulo_Liquidacao.feature",
      "file": "cypress\\e2e\\features\\Cobranca_Gestao_Titulos\\Cobranca_Gestao_Titulo_Liquidacao.feature",
      "beforeHooks": [],
      "afterHooks": [],
      "tests": [],
      "suites": [
        {
          "uuid": "812b8f78-1277-446d-9241-c82f2dd41b91",
          "title": "Validação do menu Cobrança",
          "fullFile": "",
          "file": "",
          "beforeHooks": [],
          "afterHooks": [],
          "tests": [
            {
              "title": "Validar o acesso ao menu Cobrança",
              "fullTitle": "Validação do menu Cobrança Validar o acesso ao menu Cobrança",
              "timedOut": null,
              "duration": 51649,
              "state": "failed",
              "speed": null,
              "pass": false,
              "fail": true,
              "pending": false,
              "context": null,
              "code": "const state = window.testState;\nreturn cy\n  .then(() => state.onStartScenario(scenario, indexedSteps))\n  .then(() =>\n    resolveAndRunBeforeHooks.call(this, scenario.tags, state.feature.name)\n  )\n  .then(() =>\n    indexedSteps.forEach((step) =>\n      stepTest.call(this, state, step, rowData)\n    )\n  )\n  .then(() => state.onFinishScenario(scenario));",
              "err": {
                "message": "CypressError: `cy.click()` can only be called on a single element. Your subject contained 2 elements. Pass `{ multiple: true }` if you want to serially click each element.\n\nhttps://on.cypress.io/click",
                "estack": "CypressError: `cy.click()` can only be called on a single element. Your subject contained 2 elements. Pass `{ multiple: true }` if you want to serially click each element.\n\nhttps://on.cypress.io/click\n    at mouseAction (https://d-new.wba.com.br/__cypress/runner/cypress_runner.js:111515:68)\n    at Context.click (https://d-new.wba.com.br/__cypress/runner/cypress_runner.js:111682:14)\n    at wrapped (https://d-new.wba.com.br/__cypress/runner/cypress_runner.js:137197:19)\nFrom Your Spec Code:\n    at captureUserInvocationStack (https://d-new.wba.com.br/__cypress/runner/cypress_runner.js:138199:94)\n    at $Cy.expect (https://d-new.wba.com.br/__cypress/runner/cypress_runner.js:138237:7)\n    at Context.shouldFn (https://d-new.wba.com.br/__cypress/runner/cypress_runner.js:117789:18)\n    at Context.should (https://d-new.wba.com.br/__cypress/runner/cypress_runner.js:117903:23)\n    at <unknown> (https://d-new.wba.com.br/__cypress/runner/cypress_runner.js:142119:39)\n    at assertions (https://d-new.wba.com.br/__cypress/runner/cypress_runner.js:142367:16)\n    at tryCatcher (https://d-new.wba.com.br/__cypress/runner/cypress_runner.js:1777:23)\n    at Object.gotValue (https://d-new.wba.com.br/__cypress/runner/cypress_runner.js:6448:18)\n    at Object.gotAccum (https://d-new.wba.com.br/__cypress/runner/cypress_runner.js:6435:25)\n    at Object.tryCatcher (https://d-new.wba.com.br/__cypress/runner/cypress_runner.js:1777:23)",
                "diff": null
              },
              "uuid": "f7e5dac8-bd2f-43eb-b32d-6c0b60340df0",
              "parentUUID": "812b8f78-1277-446d-9241-c82f2dd41b91",
              "isHook": false,
              "skipped": false
            }
          ],
          "suites": [],
          "passes": [],
          "failures": [
            "f7e5dac8-bd2f-43eb-b32d-6c0b60340df0"
          ],
          "pending": [],
          "skipped": [],
          "duration": 51649,
          "root": false,
          "rootEmpty": false,
          "_timeout": 2000
        }
      ],
      "passes": [],
      "failures": [],
      "pending": [],
      "skipped": [],
      "duration": 0,
      "root": true,
      "rootEmpty": true,
      "_timeout": 2000
    }
  ],
  "meta": {
    "mocha": {
      "version": "7.0.1"
    },
    "mochawesome": {
      "options": {
        "quiet": false,
        "reportFilename": "mochawesome",
        "saveHtml": true,
        "saveJson": true,
        "consoleReporter": "spec",
        "useInlineDiffs": false,
        "code": true
      },
      "version": "7.1.3"
    },
    "marge": {
      "options": {
        "reportDir": "cypress/reports",
        "overwrite": false,
        "html": true,
        "json": true
      },
      "version": "6.2.0"
    }
  }
}