{
  "stats": {
    "suites": 1,
    "tests": 1,
    "passes": 0,
    "pending": 0,
    "failures": 1,
    "start": "2025-01-15T19:54:58.903Z",
    "end": "2025-01-15T19:56:24.103Z",
    "duration": 85200,
    "testsRegistered": 1,
    "passPercent": 0,
    "pendingPercent": 0,
    "other": 0,
    "hasOther": false,
    "skipped": 0,
    "hasSkipped": false
  },
  "results": [
    {
      "uuid": "ea8ff8d7-c812-4fc1-91d6-095e45003758",
      "title": "",
      "fullFile": "cypress\\e2e\\features\\Operacional_Bordero_XML.feature",
      "file": "cypress\\e2e\\features\\Operacional_Bordero_XML.feature",
      "beforeHooks": [],
      "afterHooks": [],
      "tests": [],
      "suites": [
        {
          "uuid": "323e129b-fe93-415f-ac53-8007f73887a2",
          "title": "Operacional - Borderô - Criar operação importando arquivos (XML)",
          "fullFile": "",
          "file": "",
          "beforeHooks": [],
          "afterHooks": [],
          "tests": [
            {
              "title": "Criar operacao importando arquivos XML",
              "fullTitle": "Operacional - Borderô - Criar operação importando arquivos (XML) Criar operacao importando arquivos XML",
              "timedOut": null,
              "duration": 85099,
              "state": "failed",
              "speed": null,
              "pass": false,
              "fail": true,
              "pending": false,
              "context": null,
              "code": "const state = window.testState;\nreturn cy\n  .then(() => state.onStartScenario(scenario, indexedSteps))\n  .then(() =>\n    resolveAndRunBeforeHooks.call(this, scenario.tags, state.feature.name)\n  )\n  .then(() =>\n    indexedSteps.forEach((step) =>\n      stepTest.call(this, state, step, rowData)\n    )\n  )\n  .then(() => state.onFinishScenario(scenario));",
              "err": {
                "message": "TypeError: operacionalXML.importarXML is not a function",
                "estack": "TypeError: operacionalXML.importarXML is not a function\n    at Context.eval (cypress/e2e/steps/Operacional_Bordero_XML_Step.js:32:17)\n    at Context.resolveAndRunStepDefinition (node_modules/cypress-cucumber-preprocessor/lib/resolveStepDefinition.js:193:0)\n    at Context.eval (node_modules/cypress-cucumber-preprocessor/lib/createTestFromScenario.js:27:0)",
                "diff": null
              },
              "uuid": "ebdebaf9-1c0d-440b-8302-346321f28491",
              "parentUUID": "323e129b-fe93-415f-ac53-8007f73887a2",
              "isHook": false,
              "skipped": false
            }
          ],
          "suites": [],
          "passes": [],
          "failures": [
            "ebdebaf9-1c0d-440b-8302-346321f28491"
          ],
          "pending": [],
          "skipped": [],
          "duration": 85099,
          "root": false,
          "rootEmpty": false,
          "_timeout": 2000
        }
      ],
      "passes": [],
      "failures": [],
      "pending": [],
      "skipped": [],
      "duration": 0,
      "root": true,
      "rootEmpty": true,
      "_timeout": 2000
    }
  ],
  "meta": {
    "mocha": {
      "version": "7.0.1"
    },
    "mochawesome": {
      "options": {
        "quiet": false,
        "reportFilename": "mochawesome",
        "saveHtml": true,
        "saveJson": true,
        "consoleReporter": "spec",
        "useInlineDiffs": false,
        "code": true
      },
      "version": "7.1.3"
    },
    "marge": {
      "options": {
        "reportDir": "cypress/reports",
        "overwrite": false,
        "html": true,
        "json": true
      },
      "version": "6.2.0"
    }
  }
}