{
  "stats": {
    "suites": 1,
    "tests": 1,
    "passes": 0,
    "pending": 0,
    "failures": 1,
    "start": "2025-03-31T16:15:37.669Z",
    "end": "2025-03-31T16:16:26.802Z",
    "duration": 49133,
    "testsRegistered": 1,
    "passPercent": 0,
    "pendingPercent": 0,
    "other": 0,
    "hasOther": false,
    "skipped": 0,
    "hasSkipped": false
  },
  "results": [
    {
      "uuid": "2956113c-f09e-4c9a-b08a-30343c3b254a",
      "title": "",
      "fullFile": "cypress\\e2e\\features\\Cobranca_Gestao_Titulos\\Cobranca_Gestao_Titulo_Abatimento.feature",
      "file": "cypress\\e2e\\features\\Cobranca_Gestao_Titulos\\Cobranca_Gestao_Titulo_Abatimento.feature",
      "beforeHooks": [],
      "afterHooks": [],
      "tests": [],
      "suites": [
        {
          "uuid": "0716c1ed-872d-4d98-9d3a-b93ac321d374",
          "title": "Gestão de titulo - abatimento",
          "fullFile": "",
          "file": "",
          "beforeHooks": [],
          "afterHooks": [],
          "tests": [
            {
              "title": "Validar o acesso ao menu Cobrança",
              "fullTitle": "Gestão de titulo - abatimento Validar o acesso ao menu Cobrança",
              "timedOut": null,
              "duration": 48950,
              "state": "failed",
              "speed": null,
              "pass": false,
              "fail": true,
              "pending": false,
              "context": null,
              "code": "const state = window.testState;\nreturn cy\n  .then(() => state.onStartScenario(scenario, indexedSteps))\n  .then(() =>\n    resolveAndRunBeforeHooks.call(this, scenario.tags, state.feature.name)\n  )\n  .then(() =>\n    indexedSteps.forEach((step) =>\n      stepTest.call(this, state, step, rowData)\n    )\n  )\n  .then(() => state.onFinishScenario(scenario));",
              "err": {
                "message": "AssertionError: ❌ O Valor Atualizado exibido não está correto!: Esperado 41239912, encontrado 41240412.00412399: expected 500 to be below 0.02",
                "estack": "AssertionError: ❌ O Valor Atualizado exibido não está correto!: Esperado 41239912, encontrado 41240412.00412399: expected 500 to be below 0.02\n    at Context.eval (cypress/e2e/pages/Cobranca_Gestao_Titulos/Cobranca_gestao_titulo_Abatimento.js:73:85)",
                "diff": "- 500\n+ 0.02\n"
              },
              "uuid": "238fc639-aec0-4ca6-b3e6-b1469c781d21",
              "parentUUID": "0716c1ed-872d-4d98-9d3a-b93ac321d374",
              "isHook": false,
              "skipped": false
            }
          ],
          "suites": [],
          "passes": [],
          "failures": [
            "238fc639-aec0-4ca6-b3e6-b1469c781d21"
          ],
          "pending": [],
          "skipped": [],
          "duration": 48950,
          "root": false,
          "rootEmpty": false,
          "_timeout": 2000
        }
      ],
      "passes": [],
      "failures": [],
      "pending": [],
      "skipped": [],
      "duration": 0,
      "root": true,
      "rootEmpty": true,
      "_timeout": 2000
    }
  ],
  "meta": {
    "mocha": {
      "version": "7.0.1"
    },
    "mochawesome": {
      "options": {
        "quiet": false,
        "reportFilename": "mochawesome",
        "saveHtml": false,
        "saveJson": true,
        "consoleReporter": "spec",
        "useInlineDiffs": false,
        "code": true
      },
      "version": "7.1.3"
    },
    "marge": {
      "options": {
        "reportDir": "cypress/reports",
        "overwrite": false,
        "html": false,
        "json": true
      },
      "version": "6.2.0"
    }
  }
}