{
  "stats": {
    "suites": 1,
    "tests": 1,
    "passes": 0,
    "pending": 0,
    "failures": 1,
    "start": "2025-01-16T12:17:41.685Z",
    "end": "2025-01-16T12:19:13.870Z",
    "duration": 92185,
    "testsRegistered": 1,
    "passPercent": 0,
    "pendingPercent": 0,
    "other": 0,
    "hasOther": false,
    "skipped": 0,
    "hasSkipped": false
  },
  "results": [
    {
      "uuid": "90525034-31ed-40e7-a12a-0ee978478628",
      "title": "",
      "fullFile": "cypress\\e2e\\features\\Operacional_Bordero_Exclusao_Arq.feature",
      "file": "cypress\\e2e\\features\\Operacional_Bordero_Exclusao_Arq.feature",
      "beforeHooks": [],
      "afterHooks": [],
      "tests": [],
      "suites": [
        {
          "uuid": "1f09f759-2cab-4cb0-bf8f-629a2231eef8",
          "title": "Operacional - Borderô - Exclusão de Arquivos anexados",
          "fullFile": "",
          "file": "",
          "beforeHooks": [],
          "afterHooks": [],
          "tests": [
            {
              "title": "Exclusão de Arquivos anexados",
              "fullTitle": "Operacional - Borderô - Exclusão de Arquivos anexados Exclusão de Arquivos anexados",
              "timedOut": null,
              "duration": 92033,
              "state": "failed",
              "speed": null,
              "pass": false,
              "fail": true,
              "pending": false,
              "context": null,
              "code": "const state = window.testState;\nreturn cy\n  .then(() => state.onStartScenario(scenario, indexedSteps))\n  .then(() =>\n    resolveAndRunBeforeHooks.call(this, scenario.tags, state.feature.name)\n  )\n  .then(() =>\n    indexedSteps.forEach((step) =>\n      stepTest.call(this, state, step, rowData)\n    )\n  )\n  .then(() => state.onFinishScenario(scenario));",
              "err": {
                "message": "AssertionError: Timed out retrying after 50000ms: Expected to find element: `:nth-child(1) > [data-label=\"Ações\"] > [ng-reflect-ng-style=\"[object Object]\"] > .actions > [ng-reflect-message=\"Excluir documento\"]`, but never found it.",
                "estack": "AssertionError: Timed out retrying after 50000ms: Expected to find element: `:nth-child(1) > [data-label=\"Ações\"] > [ng-reflect-ng-style=\"[object Object]\"] > .actions > [ng-reflect-message=\"Excluir documento\"]`, but never found it.\n    at excluirAnexo (cypress/e2e/pages/Operacional_Bordero_Exclusao_Arq.js:11:11)\n    at Context.eval (cypress/e2e/steps/Operacional_Bordero_Exclusao_Arq_Step.js:33:16)\n    at Context.resolveAndRunStepDefinition (node_modules/cypress-cucumber-preprocessor/lib/resolveStepDefinition.js:193:0)\n    at Context.eval (node_modules/cypress-cucumber-preprocessor/lib/createTestFromScenario.js:27:0)",
                "diff": null
              },
              "uuid": "6d9c6443-b99d-4e54-8562-fec4b437597a",
              "parentUUID": "1f09f759-2cab-4cb0-bf8f-629a2231eef8",
              "isHook": false,
              "skipped": false
            }
          ],
          "suites": [],
          "passes": [],
          "failures": [
            "6d9c6443-b99d-4e54-8562-fec4b437597a"
          ],
          "pending": [],
          "skipped": [],
          "duration": 92033,
          "root": false,
          "rootEmpty": false,
          "_timeout": 2000
        }
      ],
      "passes": [],
      "failures": [],
      "pending": [],
      "skipped": [],
      "duration": 0,
      "root": true,
      "rootEmpty": true,
      "_timeout": 2000
    }
  ],
  "meta": {
    "mocha": {
      "version": "7.0.1"
    },
    "mochawesome": {
      "options": {
        "quiet": false,
        "reportFilename": "mochawesome",
        "saveHtml": true,
        "saveJson": true,
        "consoleReporter": "spec",
        "useInlineDiffs": false,
        "code": true
      },
      "version": "7.1.3"
    },
    "marge": {
      "options": {
        "reportDir": "cypress/reports",
        "overwrite": false,
        "html": true,
        "json": true
      },
      "version": "6.2.0"
    }
  }
}