{
  "stats": {
    "suites": 1,
    "tests": 1,
    "passes": 0,
    "pending": 0,
    "failures": 1,
    "start": "2025-01-31T19:48:42.556Z",
    "end": "2025-01-31T19:49:32.690Z",
    "duration": 50134,
    "testsRegistered": 1,
    "passPercent": 0,
    "pendingPercent": 0,
    "other": 0,
    "hasOther": false,
    "skipped": 0,
    "hasSkipped": false
  },
  "results": [
    {
      "uuid": "f457c50b-dae2-4730-8347-06c0619119fe",
      "title": "",
      "fullFile": "cypress\\e2e\\features\\Cobranca_Gestao_Titulo_Liquidacao.feature",
      "file": "cypress\\e2e\\features\\Cobranca_Gestao_Titulo_Liquidacao.feature",
      "beforeHooks": [],
      "afterHooks": [],
      "tests": [],
      "suites": [
        {
          "uuid": "65438d51-b3b6-4149-b1a2-d56e376741d6",
          "title": "Validação do menu Cobrança",
          "fullFile": "",
          "file": "",
          "beforeHooks": [],
          "afterHooks": [],
          "tests": [
            {
              "title": "Validar o acesso ao menu Cobrança",
              "fullTitle": "Validação do menu Cobrança Validar o acesso ao menu Cobrança",
              "timedOut": null,
              "duration": 50001,
              "state": "failed",
              "speed": null,
              "pass": false,
              "fail": true,
              "pending": false,
              "context": null,
              "code": "const state = window.testState;\nreturn cy\n  .then(() => state.onStartScenario(scenario, indexedSteps))\n  .then(() =>\n    resolveAndRunBeforeHooks.call(this, scenario.tags, state.feature.name)\n  )\n  .then(() =>\n    indexedSteps.forEach((step) =>\n      stepTest.call(this, state, step, rowData)\n    )\n  )\n  .then(() => state.onFinishScenario(scenario));",
              "err": {
                "message": "TypeError: Cannot read properties of undefined (reading 'then')",
                "estack": "TypeError: Cannot read properties of undefined (reading 'then')\n    at Context.eval (cypress/e2e/steps/Cobrancao_Gestao_Titulos_Liquidacao_Step.js:40:27)\n    at Context.resolveAndRunStepDefinition (node_modules/cypress-cucumber-preprocessor/lib/resolveStepDefinition.js:193:0)\n    at Context.eval (node_modules/cypress-cucumber-preprocessor/lib/createTestFromScenario.js:27:0)",
                "diff": null
              },
              "uuid": "3484a9c9-5e7b-4e61-b626-c222076c54e9",
              "parentUUID": "65438d51-b3b6-4149-b1a2-d56e376741d6",
              "isHook": false,
              "skipped": false
            }
          ],
          "suites": [],
          "passes": [],
          "failures": [
            "3484a9c9-5e7b-4e61-b626-c222076c54e9"
          ],
          "pending": [],
          "skipped": [],
          "duration": 50001,
          "root": false,
          "rootEmpty": false,
          "_timeout": 2000
        }
      ],
      "passes": [],
      "failures": [],
      "pending": [],
      "skipped": [],
      "duration": 0,
      "root": true,
      "rootEmpty": true,
      "_timeout": 2000
    }
  ],
  "meta": {
    "mocha": {
      "version": "7.0.1"
    },
    "mochawesome": {
      "options": {
        "quiet": false,
        "reportFilename": "mochawesome",
        "saveHtml": true,
        "saveJson": true,
        "consoleReporter": "spec",
        "useInlineDiffs": false,
        "code": true
      },
      "version": "7.1.3"
    },
    "marge": {
      "options": {
        "reportDir": "cypress/reports",
        "overwrite": false,
        "html": true,
        "json": true
      },
      "version": "6.2.0"
    }
  }
}