{
  "stats": {
    "suites": 1,
    "tests": 1,
    "passes": 0,
    "pending": 0,
    "failures": 1,
    "start": "2025-01-16T12:04:40.403Z",
    "end": "2025-01-16T12:07:24.488Z",
    "duration": 164085,
    "testsRegistered": 1,
    "passPercent": 0,
    "pendingPercent": 0,
    "other": 0,
    "hasOther": false,
    "skipped": 0,
    "hasSkipped": false
  },
  "results": [
    {
      "uuid": "0610772f-dc26-4109-8066-9a4c8af1b860",
      "title": "",
      "fullFile": "cypress\\e2e\\features\\CadastroPf.feature",
      "file": "cypress\\e2e\\features\\CadastroPf.feature",
      "beforeHooks": [],
      "afterHooks": [],
      "tests": [],
      "suites": [
        {
          "uuid": "b61e6e2f-f152-4fb3-85c6-b7519c729e36",
          "title": "Cadastro operação PF",
          "fullFile": "",
          "file": "",
          "beforeHooks": [],
          "afterHooks": [],
          "tests": [
            {
              "title": "Cadastrar PF campos obrigatórios",
              "fullTitle": "Cadastro operação PF Cadastrar PF campos obrigatórios",
              "timedOut": null,
              "duration": 163857,
              "state": "failed",
              "speed": null,
              "pass": false,
              "fail": true,
              "pending": false,
              "context": null,
              "code": "const state = window.testState;\nreturn cy\n  .then(() => state.onStartScenario(scenario, indexedSteps))\n  .then(() =>\n    resolveAndRunBeforeHooks.call(this, scenario.tags, state.feature.name)\n  )\n  .then(() =>\n    indexedSteps.forEach((step) =>\n      stepTest.call(this, state, step, rowData)\n    )\n  )\n  .then(() => state.onFinishScenario(scenario));",
              "err": {
                "message": "AssertionError: Timed out retrying after 50000ms: Expected to find element: `#mat-input-4`, but never found it.",
                "estack": "AssertionError: Timed out retrying after 50000ms: Expected to find element: `#mat-input-4`, but never found it.\n    at CadastroPF.cadastroConcluido (cypress/e2e/pages/CadastroPf.js:102:11)\n    at Context.eval (cypress/e2e/steps/BorderoDm.js:39:13)\n    at Context.resolveAndRunStepDefinition (node_modules/cypress-cucumber-preprocessor/lib/resolveStepDefinition.js:193:0)\n    at Context.eval (node_modules/cypress-cucumber-preprocessor/lib/createTestFromScenario.js:27:0)",
                "diff": null
              },
              "uuid": "94e59db4-012b-4613-ac80-3867ec4bc7c2",
              "parentUUID": "b61e6e2f-f152-4fb3-85c6-b7519c729e36",
              "isHook": false,
              "skipped": false
            }
          ],
          "suites": [],
          "passes": [],
          "failures": [
            "94e59db4-012b-4613-ac80-3867ec4bc7c2"
          ],
          "pending": [],
          "skipped": [],
          "duration": 163857,
          "root": false,
          "rootEmpty": false,
          "_timeout": 2000
        }
      ],
      "passes": [],
      "failures": [],
      "pending": [],
      "skipped": [],
      "duration": 0,
      "root": true,
      "rootEmpty": true,
      "_timeout": 2000
    }
  ],
  "meta": {
    "mocha": {
      "version": "7.0.1"
    },
    "mochawesome": {
      "options": {
        "quiet": false,
        "reportFilename": "mochawesome",
        "saveHtml": true,
        "saveJson": true,
        "consoleReporter": "spec",
        "useInlineDiffs": false,
        "code": true
      },
      "version": "7.1.3"
    },
    "marge": {
      "options": {
        "reportDir": "cypress/reports",
        "overwrite": false,
        "html": true,
        "json": true
      },
      "version": "6.2.0"
    }
  }
}