{
  "stats": {
    "suites": 1,
    "tests": 1,
    "passes": 0,
    "pending": 0,
    "failures": 1,
    "start": "2025-01-16T12:11:04.354Z",
    "end": "2025-01-16T12:11:52.454Z",
    "duration": 48100,
    "testsRegistered": 1,
    "passPercent": 0,
    "pendingPercent": 0,
    "other": 0,
    "hasOther": false,
    "skipped": 0,
    "hasSkipped": false
  },
  "results": [
    {
      "uuid": "9ff458b7-39fc-4ec3-900d-282de3403e6a",
      "title": "",
      "fullFile": "cypress\\e2e\\features\\Operacional_Bordero_Anexo.feature",
      "file": "cypress\\e2e\\features\\Operacional_Bordero_Anexo.feature",
      "beforeHooks": [],
      "afterHooks": [],
      "tests": [],
      "suites": [
        {
          "uuid": "245cdb41-3a11-48fa-9ba4-c1393bc02cff",
          "title": "Operacional - Borderô - Upload de Arquivo PDF por empresa de 10 mb",
          "fullFile": "",
          "file": "",
          "beforeHooks": [],
          "afterHooks": [],
          "tests": [
            {
              "title": "Anexar documentos do tipo PDF",
              "fullTitle": "Operacional - Borderô - Upload de Arquivo PDF por empresa de 10 mb Anexar documentos do tipo PDF",
              "timedOut": null,
              "duration": 47954,
              "state": "failed",
              "speed": null,
              "pass": false,
              "fail": true,
              "pending": false,
              "context": null,
              "code": "const state = window.testState;\nreturn cy\n  .then(() => state.onStartScenario(scenario, indexedSteps))\n  .then(() =>\n    resolveAndRunBeforeHooks.call(this, scenario.tags, state.feature.name)\n  )\n  .then(() =>\n    indexedSteps.forEach((step) =>\n      stepTest.call(this, state, step, rowData)\n    )\n  )\n  .then(() => state.onFinishScenario(scenario));",
              "err": {
                "message": "CypressError: `cy.click()` can only be called on a single element. Your subject contained 2 elements. Pass `{ multiple: true }` if you want to serially click each element.\n\nhttps://on.cypress.io/click",
                "estack": "CypressError: `cy.click()` can only be called on a single element. Your subject contained 2 elements. Pass `{ multiple: true }` if you want to serially click each element.\n\nhttps://on.cypress.io/click\n    at mouseAction (https://d-new.wba.com.br/__cypress/runner/cypress_runner.js:112508:68)\n    at Context.click (https://d-new.wba.com.br/__cypress/runner/cypress_runner.js:112675:14)\n    at wrapped (https://d-new.wba.com.br/__cypress/runner/cypress_runner.js:138092:19)\nFrom Your Spec Code:\n    at anexandoDoc.anexarDocumentos (cypress/e2e/pages/Operacional_Bordero_Anexo.js:13:32)\n    at Context.eval (cypress/e2e/steps/Operacional_Bordero_Anexo_Step.js:33:7)\n    at Context.resolveAndRunStepDefinition (node_modules/cypress-cucumber-preprocessor/lib/resolveStepDefinition.js:193:0)\n    at Context.eval (node_modules/cypress-cucumber-preprocessor/lib/createTestFromScenario.js:27:0)",
                "diff": null
              },
              "uuid": "83e49349-eabd-4c93-9f70-93d32b421926",
              "parentUUID": "245cdb41-3a11-48fa-9ba4-c1393bc02cff",
              "isHook": false,
              "skipped": false
            }
          ],
          "suites": [],
          "passes": [],
          "failures": [
            "83e49349-eabd-4c93-9f70-93d32b421926"
          ],
          "pending": [],
          "skipped": [],
          "duration": 47954,
          "root": false,
          "rootEmpty": false,
          "_timeout": 2000
        }
      ],
      "passes": [],
      "failures": [],
      "pending": [],
      "skipped": [],
      "duration": 0,
      "root": true,
      "rootEmpty": true,
      "_timeout": 2000
    }
  ],
  "meta": {
    "mocha": {
      "version": "7.0.1"
    },
    "mochawesome": {
      "options": {
        "quiet": false,
        "reportFilename": "mochawesome",
        "saveHtml": true,
        "saveJson": true,
        "consoleReporter": "spec",
        "useInlineDiffs": false,
        "code": true
      },
      "version": "7.1.3"
    },
    "marge": {
      "options": {
        "reportDir": "cypress/reports",
        "overwrite": false,
        "html": true,
        "json": true
      },
      "version": "6.2.0"
    }
  }
}