{
  "stats": {
    "suites": 1,
    "tests": 1,
    "passes": 0,
    "pending": 0,
    "failures": 1,
    "start": "2025-01-21T18:47:47.429Z",
    "end": "2025-01-21T18:49:30.832Z",
    "duration": 103403,
    "testsRegistered": 1,
    "passPercent": 0,
    "pendingPercent": 0,
    "other": 0,
    "hasOther": false,
    "skipped": 0,
    "hasSkipped": false
  },
  "results": [
    {
      "uuid": "87481564-5939-4f04-8834-1180c7d9d966",
      "title": "",
      "fullFile": "cypress\\e2e\\features\\Cobranca_Gestao_Titulo_Renegociacao.feature",
      "file": "cypress\\e2e\\features\\Cobranca_Gestao_Titulo_Renegociacao.feature",
      "beforeHooks": [],
      "afterHooks": [],
      "tests": [],
      "suites": [
        {
          "uuid": "c0c475d3-9539-45b3-9488-ce61cb66d5ed",
          "title": "Gestão de titulo - Renegociação",
          "fullFile": "",
          "file": "",
          "beforeHooks": [],
          "afterHooks": [],
          "tests": [
            {
              "title": "Validar o acesso ao menu Renegociação",
              "fullTitle": "Gestão de titulo - Renegociação Validar o acesso ao menu Renegociação",
              "timedOut": null,
              "duration": 103209,
              "state": "failed",
              "speed": null,
              "pass": false,
              "fail": true,
              "pending": false,
              "context": null,
              "code": "const state = window.testState;\nreturn cy\n  .then(() => state.onStartScenario(scenario, indexedSteps))\n  .then(() =>\n    resolveAndRunBeforeHooks.call(this, scenario.tags, state.feature.name)\n  )\n  .then(() =>\n    indexedSteps.forEach((step) =>\n      stepTest.call(this, state, step, rowData)\n    )\n  )\n  .then(() => state.onFinishScenario(scenario));",
              "err": {
                "message": "CypressError: Timed out retrying after 50000ms: `cy.clear()` failed because this element:\n\n`<div class=\"mat-form-field-infix\">...</div>`\n\nis being covered by another element:\n\n`<div _ngcontent-cbj-c7=\"\" class=\"overlay ng-tns-c7-24 ng-trigger ng-trigger-fadeIn ng-star-inserted\" style=\"background-color:rgba(51, 51, 51, 0.8);position:fixed;z-index:99999;opacity:1;0:background-color;1:position;2:z-index;3:opacity;background-color:rgba(51, 51, 51, 0.8);opacity:1;position:fixed;webkit-opacity:1;z-index:99999;\">...</div>`\n\nFix this problem, or use {force: true} to disable error checking.\n\nhttps://on.cypress.io/element-cannot-be-interacted-with",
                "estack": "CypressError: Timed out retrying after 50000ms: `cy.clear()` failed because this element:\n\n`<div class=\"mat-form-field-infix\">...</div>`\n\nis being covered by another element:\n\n`<div _ngcontent-cbj-c7=\"\" class=\"overlay ng-tns-c7-24 ng-trigger ng-trigger-fadeIn ng-star-inserted\" style=\"background-color:rgba(51, 51, 51, 0.8);position:fixed;z-index:99999;opacity:1;0:background-color;1:position;2:z-index;3:opacity;background-color:rgba(51, 51, 51, 0.8);opacity:1;position:fixed;webkit-opacity:1;z-index:99999;\">...</div>`\n\nFix this problem, or use {force: true} to disable error checking.\n\nhttps://on.cypress.io/element-cannot-be-interacted-with\n    at ensureIsDescendent (https://d-new.wba.com.br/__cypress/runner/cypress_runner.js:112915:68)\n    at ensureDescendents (https://d-new.wba.com.br/__cypress/runner/cypress_runner.js:112966:5)\n    at ensureDescendentsAndScroll (https://d-new.wba.com.br/__cypress/runner/cypress_runner.js:112972:14)\n    at ensureElIsNotCovered (https://d-new.wba.com.br/__cypress/runner/cypress_runner.js:113103:5)\n    at runAllChecks (https://d-new.wba.com.br/__cypress/runner/cypress_runner.js:113302:52)\n    at retryActionability (https://d-new.wba.com.br/__cypress/runner/cypress_runner.js:113339:16)\n    at tryCatcher (https://d-new.wba.com.br/__cypress/runner/cypress_runner.js:1830:23)\n    at Promise.attempt.Promise.try (https://d-new.wba.com.br/__cypress/runner/cypress_runner.js:4338:29)\n    at whenStable (https://d-new.wba.com.br/__cypress/runner/cypress_runner.js:143744:68)\n    at <unknown> (https://d-new.wba.com.br/__cypress/runner/cypress_runner.js:143685:14)\n    at tryCatcher (https://d-new.wba.com.br/__cypress/runner/cypress_runner.js:1830:23)\n    at Promise._settlePromiseFromHandler (https://d-new.wba.com.br/__cypress/runner/cypress_runner.js:1542:31)\n    at Promise._settlePromise (https://d-new.wba.com.br/__cypress/runner/cypress_runner.js:1599:18)\n    at Promise._settlePromise0 (https://d-new.wba.com.br/__cypress/runner/cypress_runner.js:1644:10)\n    at Promise._settlePromises (https://d-new.wba.com.br/__cypress/runner/cypress_runner.js:1724:18)\n    at Promise._fulfill (https://d-new.wba.com.br/__cypress/runner/cypress_runner.js:1668:18)\n    at <unknown> (https://d-new.wba.com.br/__cypress/runner/cypress_runner.js:5473:46)\nFrom Your Spec Code:\n    at Renegociacao.validarCamposRenegociacao (cypress/e2e/pages/Cobranca_Gestao_Titulo_Renegociacao.js:37:119)\n    at Context.eval (cypress/e2e/steps/Cobranca_Gestao_Titulo_Renegociacao_Step.js:35:15)\n    at Context.resolveAndRunStepDefinition (node_modules/cypress-cucumber-preprocessor/lib/resolveStepDefinition.js:193:0)\n    at Context.eval (node_modules/cypress-cucumber-preprocessor/lib/createTestFromScenario.js:27:0)",
                "diff": null
              },
              "uuid": "b2463676-b7db-4089-8ec0-8355cb4f6ee7",
              "parentUUID": "c0c475d3-9539-45b3-9488-ce61cb66d5ed",
              "isHook": false,
              "skipped": false
            }
          ],
          "suites": [],
          "passes": [],
          "failures": [
            "b2463676-b7db-4089-8ec0-8355cb4f6ee7"
          ],
          "pending": [],
          "skipped": [],
          "duration": 103209,
          "root": false,
          "rootEmpty": false,
          "_timeout": 2000
        }
      ],
      "passes": [],
      "failures": [],
      "pending": [],
      "skipped": [],
      "duration": 0,
      "root": true,
      "rootEmpty": true,
      "_timeout": 2000
    }
  ],
  "meta": {
    "mocha": {
      "version": "7.0.1"
    },
    "mochawesome": {
      "options": {
        "quiet": false,
        "reportFilename": "mochawesome",
        "saveHtml": true,
        "saveJson": true,
        "consoleReporter": "spec",
        "useInlineDiffs": false,
        "code": true
      },
      "version": "7.1.3"
    },
    "marge": {
      "options": {
        "reportDir": "cypress/reports",
        "overwrite": false,
        "html": true,
        "json": true
      },
      "version": "6.2.0"
    }
  }
}