{
  "stats": {
    "suites": 1,
    "tests": 1,
    "passes": 0,
    "pending": 0,
    "failures": 1,
    "start": "2025-02-05T14:31:31.887Z",
    "end": "2025-02-05T14:32:29.241Z",
    "duration": 57354,
    "testsRegistered": 1,
    "passPercent": 0,
    "pendingPercent": 0,
    "other": 0,
    "hasOther": false,
    "skipped": 0,
    "hasSkipped": false
  },
  "results": [
    {
      "uuid": "8315b2ac-a0cc-4194-bace-508b7c0c2fdb",
      "title": "",
      "fullFile": "cypress\\e2e\\features\\Cobranca_Gestao_Titulo_Liquidacao.feature",
      "file": "cypress\\e2e\\features\\Cobranca_Gestao_Titulo_Liquidacao.feature",
      "beforeHooks": [],
      "afterHooks": [],
      "tests": [],
      "suites": [
        {
          "uuid": "c2724aba-6e97-4bb8-83f8-806d910faf2f",
          "title": "Validação do menu Cobrança",
          "fullFile": "",
          "file": "",
          "beforeHooks": [],
          "afterHooks": [],
          "tests": [
            {
              "title": "Validar o acesso ao menu Cobrança",
              "fullTitle": "Validação do menu Cobrança Validar o acesso ao menu Cobrança",
              "timedOut": null,
              "duration": 57186,
              "state": "failed",
              "speed": null,
              "pass": false,
              "fail": true,
              "pending": false,
              "context": null,
              "code": "const state = window.testState;\nreturn cy\n  .then(() => state.onStartScenario(scenario, indexedSteps))\n  .then(() =>\n    resolveAndRunBeforeHooks.call(this, scenario.tags, state.feature.name)\n  )\n  .then(() =>\n    indexedSteps.forEach((step) =>\n      stepTest.call(this, state, step, rowData)\n    )\n  )\n  .then(() => state.onFinishScenario(scenario));",
              "err": {
                "message": "CypressError: `cy.then()` failed because you are mixing up async and sync code.\n\nIn your callback function you invoked 1 or more cy commands but then returned a synchronous value.\n\nCypress commands are asynchronous and it doesn't make sense to queue cy commands and yet return a synchronous value.\n\nYou likely forgot to properly chain the cy commands using another `cy.then()`.\n\nThe value you synchronously returned was: `65`",
                "estack": "CypressError: `cy.then()` failed because you are mixing up async and sync code.\n\nIn your callback function you invoked 1 or more cy commands but then returned a synchronous value.\n\nCypress commands are asynchronous and it doesn't make sense to queue cy commands and yet return a synchronous value.\n\nYou likely forgot to properly chain the cy commands using another `cy.then()`.\n\nThe value you synchronously returned was: `65`\n    at getRet (https://d-new.wba.com.br/__cypress/runner/cypress_runner.js:119316:70)\n    at tryCatcher (https://d-new.wba.com.br/__cypress/runner/cypress_runner.js:1830:23)\n    at Promise.attempt.Promise.try (https://d-new.wba.com.br/__cypress/runner/cypress_runner.js:4338:29)\n    at Context.thenFn (https://d-new.wba.com.br/__cypress/runner/cypress_runner.js:119325:66)\n    at Context.then (https://d-new.wba.com.br/__cypress/runner/cypress_runner.js:119576:21)\n    at wrapped (https://d-new.wba.com.br/__cypress/runner/cypress_runner.js:138092:19)\nFrom Your Spec Code:\n    at MenuPage.obterValorNumerico (cypress/e2e/pages/Cobranca_gestao_titulo_Liquidacao.js:109:7)\n    at Context.eval (cypress/e2e/pages/Cobranca_gestao_titulo_Liquidacao.js:48:24)",
                "diff": null
              },
              "uuid": "9bedec8b-05b6-43e1-8e53-e4f599bad743",
              "parentUUID": "c2724aba-6e97-4bb8-83f8-806d910faf2f",
              "isHook": false,
              "skipped": false
            }
          ],
          "suites": [],
          "passes": [],
          "failures": [
            "9bedec8b-05b6-43e1-8e53-e4f599bad743"
          ],
          "pending": [],
          "skipped": [],
          "duration": 57186,
          "root": false,
          "rootEmpty": false,
          "_timeout": 2000
        }
      ],
      "passes": [],
      "failures": [],
      "pending": [],
      "skipped": [],
      "duration": 0,
      "root": true,
      "rootEmpty": true,
      "_timeout": 2000
    }
  ],
  "meta": {
    "mocha": {
      "version": "7.0.1"
    },
    "mochawesome": {
      "options": {
        "quiet": false,
        "reportFilename": "mochawesome",
        "saveHtml": true,
        "saveJson": true,
        "consoleReporter": "spec",
        "useInlineDiffs": false,
        "code": true
      },
      "version": "7.1.3"
    },
    "marge": {
      "options": {
        "reportDir": "cypress/reports",
        "overwrite": false,
        "html": true,
        "json": true
      },
      "version": "6.2.0"
    }
  }
}