{
  "stats": {
    "suites": 1,
    "tests": 1,
    "passes": 1,
    "pending": 0,
    "failures": 0,
    "start": "2025-01-16T12:19:18.987Z",
    "end": "2025-01-16T12:20:20.119Z",
    "duration": 61132,
    "testsRegistered": 1,
    "passPercent": 100,
    "pendingPercent": 0,
    "other": 0,
    "hasOther": false,
    "skipped": 0,
    "hasSkipped": false
  },
  "results": [
    {
      "uuid": "9b364224-fa04-4141-bbae-9e256166834e",
      "title": "",
      "fullFile": "cypress\\e2e\\features\\Operacional_Bordero_Filtro.feature",
      "file": "cypress\\e2e\\features\\Operacional_Bordero_Filtro.feature",
      "beforeHooks": [],
      "afterHooks": [],
      "tests": [],
      "suites": [
        {
          "uuid": "e395360c-18a6-41ce-b231-9a261d8e760f",
          "title": "Filtro do bordero",
          "fullFile": "",
          "file": "",
          "beforeHooks": [],
          "afterHooks": [],
          "tests": [
            {
              "title": "Efetuar filtro do bordero",
              "fullTitle": "Filtro do bordero Efetuar filtro do bordero",
              "timedOut": null,
              "duration": 60712,
              "state": "passed",
              "speed": "slow",
              "pass": true,
              "fail": false,
              "pending": false,
              "context": null,
              "code": "const state = window.testState;\nreturn cy\n  .then(() => state.onStartScenario(scenario, indexedSteps))\n  .then(() =>\n    resolveAndRunBeforeHooks.call(this, scenario.tags, state.feature.name)\n  )\n  .then(() =>\n    indexedSteps.forEach((step) =>\n      stepTest.call(this, state, step, rowData)\n    )\n  )\n  .then(() => state.onFinishScenario(scenario));",
              "err": {},
              "uuid": "95cca230-f665-4c94-aed1-0d65d63a1c6b",
              "parentUUID": "e395360c-18a6-41ce-b231-9a261d8e760f",
              "isHook": false,
              "skipped": false
            }
          ],
          "suites": [],
          "passes": [
            "95cca230-f665-4c94-aed1-0d65d63a1c6b"
          ],
          "failures": [],
          "pending": [],
          "skipped": [],
          "duration": 60712,
          "root": false,
          "rootEmpty": false,
          "_timeout": 2000
        }
      ],
      "passes": [],
      "failures": [],
      "pending": [],
      "skipped": [],
      "duration": 0,
      "root": true,
      "rootEmpty": true,
      "_timeout": 2000
    }
  ],
  "meta": {
    "mocha": {
      "version": "7.0.1"
    },
    "mochawesome": {
      "options": {
        "quiet": false,
        "reportFilename": "mochawesome",
        "saveHtml": true,
        "saveJson": true,
        "consoleReporter": "spec",
        "useInlineDiffs": false,
        "code": true
      },
      "version": "7.1.3"
    },
    "marge": {
      "options": {
        "reportDir": "cypress/reports",
        "overwrite": false,
        "html": true,
        "json": true
      },
      "version": "6.2.0"
    }
  }
}